[2024-11-26 15:10:32][ERROR][Masterlogs] Remote URL mismatch. Expected: git@github.com:ih8sirdavi/Masterlogs.git
[2024-11-26 15:11:03][ERROR][Masterlogs] Operation failed: From github.com:ih8sirdavi/Projects
Exception: From github.com:ih8sirdavi/Projects
Stack Trace: at <ScriptBlock>, <No file>: line 76
at Retry-Operation, <No file>: line 42
at Sync-GitRepository, <No file>: line 75
at <ScriptBlock>, <No file>: line 130
[2024-11-26 15:11:03][ERROR][ANF] Operation failed: From github.com:ih8sirdavi/ANF
Exception: From github.com:ih8sirdavi/ANF
Stack Trace: at <ScriptBlock>, <No file>: line 76
at Retry-Operation, <No file>: line 42
at Sync-GitRepository, <No file>: line 75
at <ScriptBlock>, <No file>: line 130
[2024-11-26 15:11:33][ERROR][ANF] Operation failed: From github.com:ih8sirdavi/ANF
Exception: From github.com:ih8sirdavi/ANF
Stack Trace: at <ScriptBlock>, <No file>: line 76
at Retry-Operation, <No file>: line 42
at Sync-GitRepository, <No file>: line 75
at <ScriptBlock>, <No file>: line 130
[2024-11-26 15:12:03][ERROR][ANF] Operation failed: From github.com:ih8sirdavi/ANF
Exception: From github.com:ih8sirdavi/ANF
Stack Trace: at <ScriptBlock>, <No file>: line 76
at Retry-Operation, <No file>: line 42
at Sync-GitRepository, <No file>: line 75
at <ScriptBlock>, <No file>: line 130
[2024-11-26 15:12:33][ERROR][ANF] Operation failed: From github.com:ih8sirdavi/ANF
Exception: From github.com:ih8sirdavi/ANF
Stack Trace: at <ScriptBlock>, <No file>: line 76
at Retry-Operation, <No file>: line 42
at Sync-GitRepository, <No file>: line 75
at <ScriptBlock>, <No file>: line 130
[2024-11-26 15:13:03][ERROR][ANF] Operation failed: From github.com:ih8sirdavi/ANF
Exception: From github.com:ih8sirdavi/ANF
Stack Trace: at <ScriptBlock>, <No file>: line 76
at Retry-Operation, <No file>: line 42
at Sync-GitRepository, <No file>: line 75
at <ScriptBlock>, <No file>: line 130
[2024-11-26 15:13:33][ERROR][ANF] Operation failed: From github.com:ih8sirdavi/ANF
Exception: From github.com:ih8sirdavi/ANF
Stack Trace: at <ScriptBlock>, <No file>: line 76
at Retry-Operation, <No file>: line 42
at Sync-GitRepository, <No file>: line 75
at <ScriptBlock>, <No file>: line 130
[2024-11-26 15:14:03][ERROR][ANF] Operation failed: From github.com:ih8sirdavi/ANF
Exception: From github.com:ih8sirdavi/ANF
Stack Trace: at <ScriptBlock>, <No file>: line 76
at Retry-Operation, <No file>: line 42
at Sync-GitRepository, <No file>: line 75
at <ScriptBlock>, <No file>: line 130
[2024-11-26 15:14:33][ERROR][ANF] Operation failed: From github.com:ih8sirdavi/ANF
Exception: From github.com:ih8sirdavi/ANF
Stack Trace: at <ScriptBlock>, <No file>: line 76
at Retry-Operation, <No file>: line 42
at Sync-GitRepository, <No file>: line 75
at <ScriptBlock>, <No file>: line 130
[2024-11-26 15:15:03][ERROR][ANF] Operation failed: From github.com:ih8sirdavi/ANF
Exception: From github.com:ih8sirdavi/ANF
Stack Trace: at <ScriptBlock>, <No file>: line 76
at Retry-Operation, <No file>: line 42
at Sync-GitRepository, <No file>: line 75
at <ScriptBlock>, <No file>: line 130
[2024-11-26 15:15:33][ERROR][ANF] Operation failed: From github.com:ih8sirdavi/ANF
Exception: From github.com:ih8sirdavi/ANF
Stack Trace: at <ScriptBlock>, <No file>: line 76
at Retry-Operation, <No file>: line 42
at Sync-GitRepository, <No file>: line 75
at <ScriptBlock>, <No file>: line 130
[2024-11-26 15:23:56][ERROR][Masterlogs] Remote URL mismatch. Expected: git@github.com:ih8sirdavi/Masterlogs.git
[2024-11-26 15:27:19][ERROR][Masterlogs] Operation failed: From github.com:ih8sirdavi/Masterlogs
Exception: From github.com:ih8sirdavi/Masterlogs
Stack Trace: at <ScriptBlock>, <No file>: line 76
at Retry-Operation, <No file>: line 42
at Sync-GitRepository, <No file>: line 75
at <ScriptBlock>, <No file>: line 130
[2024-11-26 15:27:19][ERROR][ANF] Operation failed: From github.com:ih8sirdavi/ANF
Exception: From github.com:ih8sirdavi/ANF
Stack Trace: at <ScriptBlock>, <No file>: line 76
at Retry-Operation, <No file>: line 42
at Sync-GitRepository, <No file>: line 75
at <ScriptBlock>, <No file>: line 130
[2024-11-26 15:30:59][ERROR][Masterlogs] Operation failed: The term 'Update-RepositoryStatus' is not recognized as the name of a cmdlet, function, script file, or operable program. Check the spelling of the name, or if a path was included, verify that the path is correct and try again.
Exception: The term 'Update-RepositoryStatus' is not recognized as the name of a cmdlet, function, script file, or operable program. Check the spelling of the name, or if a path was included, verify that the path is correct and try again.
Stack Trace: at Sync-GitRepository, <No file>: line 156
at <ScriptBlock>, <No file>: line 164
[2024-11-26 15:30:59][ERROR][ANF] Operation failed: The term 'Update-RepositoryStatus' is not recognized as the name of a cmdlet, function, script file, or operable program. Check the spelling of the name, or if a path was included, verify that the path is correct and try again.
Exception: The term 'Update-RepositoryStatus' is not recognized as the name of a cmdlet, function, script file, or operable program. Check the spelling of the name, or if a path was included, verify that the path is correct and try again.
Stack Trace: at Sync-GitRepository, <No file>: line 156
at <ScriptBlock>, <No file>: line 164
[2024-11-26 15:58:36][ERROR][ANF] Operation failed: The term 'Update-RepositoryStatus' is not recognized as the name of a cmdlet, function, script file, or operable program. Check the spelling of the name, or if a path was included, verify that the path is correct and try again.
Exception: The term 'Update-RepositoryStatus' is not recognized as the name of a cmdlet, function, script file, or operable program. Check the spelling of the name, or if a path was included, verify that the path is correct and try again.
Stack Trace: at Sync-GitRepository, <No file>: line 156
at <ScriptBlock>, <No file>: line 164
[2024-11-26 15:58:52][ERROR][ANF] Operation failed: The term 'Update-RepositoryStatus' is not recognized as the name of a cmdlet, function, script file, or operable program. Check the spelling of the name, or if a path was included, verify that the path is correct and try again.
Exception: The term 'Update-RepositoryStatus' is not recognized as the name of a cmdlet, function, script file, or operable program. Check the spelling of the name, or if a path was included, verify that the path is correct and try again.
Stack Trace: at Sync-GitRepository, <No file>: line 156
at <ScriptBlock>, <No file>: line 164
[2024-11-26 16:07:11][ERROR][Masterlogs] Operation failed: The term 'Update-RepositoryStatus' is not recognized as the name of a cmdlet, function, script file, or operable program. Check the spelling of the name, or if a path was included, verify that the path is correct and try again.
Exception: The term 'Update-RepositoryStatus' is not recognized as the name of a cmdlet, function, script file, or operable program. Check the spelling of the name, or if a path was included, verify that the path is correct and try again.
Stack Trace: at Sync-GitRepository, <No file>: line 156
at <ScriptBlock>, <No file>: line 164
[2024-11-26 16:07:11][ERROR][ANF] Operation failed: The term 'Update-RepositoryStatus' is not recognized as the name of a cmdlet, function, script file, or operable program. Check the spelling of the name, or if a path was included, verify that the path is correct and try again.
Exception: The term 'Update-RepositoryStatus' is not recognized as the name of a cmdlet, function, script file, or operable program. Check the spelling of the name, or if a path was included, verify that the path is correct and try again.
Stack Trace: at Sync-GitRepository, <No file>: line 156
at <ScriptBlock>, <No file>: line 164
[2024-11-26 16:11:39][ERROR][Masterlogs] Operation failed: The term 'Update-RepositoryStatus' is not recognized as the name of a cmdlet, function, script file, or operable program. Check the spelling of the name, or if a path was included, verify that the path is correct and try again.
Exception: The term 'Update-RepositoryStatus' is not recognized as the name of a cmdlet, function, script file, or operable program. Check the spelling of the name, or if a path was included, verify that the path is correct and try again.
Stack Trace: at Sync-GitRepository, <No file>: line 156
at <ScriptBlock>, <No file>: line 164
[2024-11-26 16:11:39][ERROR][ANF] Operation failed: The term 'Update-RepositoryStatus' is not recognized as the name of a cmdlet, function, script file, or operable program. Check the spelling of the name, or if a path was included, verify that the path is correct and try again.
Exception: The term 'Update-RepositoryStatus' is not recognized as the name of a cmdlet, function, script file, or operable program. Check the spelling of the name, or if a path was included, verify that the path is correct and try again.
Stack Trace: at Sync-GitRepository, <No file>: line 156
at <ScriptBlock>, <No file>: line 164
[2024-11-26 16:12:09][ERROR][ANF] Operation failed: The term 'Update-RepositoryStatus' is not recognized as the name of a cmdlet, function, script file, or operable program. Check the spelling of the name, or if a path was included, verify that the path is correct and try again.
Exception: The term 'Update-RepositoryStatus' is not recognized as the name of a cmdlet, function, script file, or operable program. Check the spelling of the name, or if a path was included, verify that the path is correct and try again.
Stack Trace: at Sync-GitRepository, <No file>: line 156
at <ScriptBlock>, <No file>: line 164
[2024-11-26 16:15:39][ERROR][Masterlogs] Operation failed: The term 'Update-RepositoryStatus' is not recognized as the name of a cmdlet, function, script file, or operable program. Check the spelling of the name, or if a path was included, verify that the path is correct and try again.
Exception: The term 'Update-RepositoryStatus' is not recognized as the name of a cmdlet, function, script file, or operable program. Check the spelling of the name, or if a path was included, verify that the path is correct and try again.
Stack Trace: at Sync-GitRepository, <No file>: line 156
at <ScriptBlock>, <No file>: line 164
[2024-11-26 16:15:39][ERROR][ANF] Operation failed: The term 'Update-RepositoryStatus' is not recognized as the name of a cmdlet, function, script file, or operable program. Check the spelling of the name, or if a path was included, verify that the path is correct and try again.
Exception: The term 'Update-RepositoryStatus' is not recognized as the name of a cmdlet, function, script file, or operable program. Check the spelling of the name, or if a path was included, verify that the path is correct and try again.
Stack Trace: at Sync-GitRepository, <No file>: line 156
at <ScriptBlock>, <No file>: line 164
[2024-11-26 16:25:56][ERROR][Masterlogs] Operation failed: The term 'Update-RepositoryStatus' is not recognized as the name of a cmdlet, function, script file, or operable program. Check the spelling of the name, or if a path was included, verify that the path is correct and try again.
Exception: The term 'Update-RepositoryStatus' is not recognized as the name of a cmdlet, function, script file, or operable program. Check the spelling of the name, or if a path was included, verify that the path is correct and try again.
Stack Trace: at Sync-GitRepository, <No file>: line 156
at <ScriptBlock>, <No file>: line 164
[2024-11-26 16:25:56][ERROR][ANF] Operation failed: The term 'Update-RepositoryStatus' is not recognized as the name of a cmdlet, function, script file, or operable program. Check the spelling of the name, or if a path was included, verify that the path is correct and try again.
Exception: The term 'Update-RepositoryStatus' is not recognized as the name of a cmdlet, function, script file, or operable program. Check the spelling of the name, or if a path was included, verify that the path is correct and try again.
Stack Trace: at Sync-GitRepository, <No file>: line 156
at <ScriptBlock>, <No file>: line 164
[2024-11-26 16:29:44][ERROR][Masterlogs] Operation failed: From github.com:ih8sirdavi/Masterlogs
Exception: From github.com:ih8sirdavi/Masterlogs
Stack Trace: at <ScriptBlock>, <No file>: line 76
at Retry-Operation, <No file>: line 42
at Sync-GitRepository, <No file>: line 75
at <ScriptBlock>, <No file>: line 130
[2024-11-26 16:29:44][ERROR][ANF] Operation failed: From github.com:ih8sirdavi/ANF
Exception: From github.com:ih8sirdavi/ANF
Stack Trace: at <ScriptBlock>, <No file>: line 76
at Retry-Operation, <No file>: line 42
at Sync-GitRepository, <No file>: line 75
at <ScriptBlock>, <No file>: line 130
[2024-11-26 16:30:14][ERROR][ANF] Operation failed: From github.com:ih8sirdavi/ANF
Exception: From github.com:ih8sirdavi/ANF
Stack Trace: at <ScriptBlock>, <No file>: line 76
at Retry-Operation, <No file>: line 42
at Sync-GitRepository, <No file>: line 75
at <ScriptBlock>, <No file>: line 130
[2024-11-26 16:37:39][ERROR][Masterlogs] Operation failed: Everything up-to-date
Exception: Everything up-to-date
Stack Trace: at Sync-GitRepository, <No file>: line 199
at <ScriptBlock>, <No file>: line 217
[2024-11-26 16:37:39][ERROR][ANF] Operation failed: Cannot bind argument to parameter 'Path' because it is an empty string.
Exception: Cannot bind argument to parameter 'Path' because it is an empty string.
Stack Trace: at Log-Message, <No file>: line 19
at Sync-GitRepository, <No file>: line 171
at <ScriptBlock>, <No file>: line 217
[2024-11-26 16:51:38][ERROR][ANF] Operation failed
[2024-11-26 16:53:23][ERROR][Masterlogs] Error in operation Initial Sync Masterlogs : You cannot call a method on a null-valued expression.
[2024-11-26 17:12:11][ERROR][Masterlogs] Operation failed: From github.com:ih8sirdavi/Masterlogs
Exception: From github.com:ih8sirdavi/Masterlogs
Stack Trace: at <ScriptBlock>, <No file>: line 76
at Retry-Operation, <No file>: line 42
at Sync-GitRepository, <No file>: line 75
at <ScriptBlock>, <No file>: line 130
[2024-11-26 17:12:11][ERROR][ANF] Operation failed: From github.com:ih8sirdavi/ANF
Exception: From github.com:ih8sirdavi/ANF
Stack Trace: at <ScriptBlock>, <No file>: line 76
at Retry-Operation, <No file>: line 42
at Sync-GitRepository, <No file>: line 75
at <ScriptBlock>, <No file>: line 130
[2024-11-26 17:12:41][ERROR][ANF] Operation failed: From github.com:ih8sirdavi/ANF
Exception: From github.com:ih8sirdavi/ANF
Stack Trace: at <ScriptBlock>, <No file>: line 76
at Retry-Operation, <No file>: line 42
at Sync-GitRepository, <No file>: line 75
at <ScriptBlock>, <No file>: line 130
[2024-11-26 17:13:11][ERROR][ANF] Operation failed: From github.com:ih8sirdavi/ANF
Exception: From github.com:ih8sirdavi/ANF
Stack Trace: at <ScriptBlock>, <No file>: line 76
at Retry-Operation, <No file>: line 42
at Sync-GitRepository, <No file>: line 75
at <ScriptBlock>, <No file>: line 130
[2024-11-26 17:13:41][ERROR][ANF] Operation failed: From github.com:ih8sirdavi/ANF
Exception: From github.com:ih8sirdavi/ANF
Stack Trace: at <ScriptBlock>, <No file>: line 76
at Retry-Operation, <No file>: line 42
at Sync-GitRepository, <No file>: line 75
at <ScriptBlock>, <No file>: line 130
[2024-11-26 17:14:11][ERROR][ANF] Operation failed: From github.com:ih8sirdavi/ANF
Exception: From github.com:ih8sirdavi/ANF
Stack Trace: at <ScriptBlock>, <No file>: line 76
at Retry-Operation, <No file>: line 42
at Sync-GitRepository, <No file>: line 75
at <ScriptBlock>, <No file>: line 130
[2024-11-26 17:14:41][ERROR][ANF] Operation failed: From github.com:ih8sirdavi/ANF
Exception: From github.com:ih8sirdavi/ANF
Stack Trace: at <ScriptBlock>, <No file>: line 76
at Retry-Operation, <No file>: line 42
at Sync-GitRepository, <No file>: line 75
at <ScriptBlock>, <No file>: line 130
[2024-11-26 17:15:11][ERROR][ANF] Operation failed: From github.com:ih8sirdavi/ANF
Exception: From github.com:ih8sirdavi/ANF
Stack Trace: at <ScriptBlock>, <No file>: line 76
at Retry-Operation, <No file>: line 42
at Sync-GitRepository, <No file>: line 75
at <ScriptBlock>, <No file>: line 130
[2024-11-26 17:15:41][ERROR][ANF] Operation failed: From github.com:ih8sirdavi/ANF
Exception: From github.com:ih8sirdavi/ANF
Stack Trace: at <ScriptBlock>, <No file>: line 76
at Retry-Operation, <No file>: line 42
at Sync-GitRepository, <No file>: line 75
at <ScriptBlock>, <No file>: line 130
[2024-11-26 17:16:11][ERROR][ANF] Operation failed: From github.com:ih8sirdavi/ANF
Exception: From github.com:ih8sirdavi/ANF
Stack Trace: at <ScriptBlock>, <No file>: line 76
at Retry-Operation, <No file>: line 42
at Sync-GitRepository, <No file>: line 75
at <ScriptBlock>, <No file>: line 130
[2024-11-26 17:16:41][ERROR][ANF] Operation failed: From github.com:ih8sirdavi/ANF
Exception: From github.com:ih8sirdavi/ANF
Stack Trace: at <ScriptBlock>, <No file>: line 76
at Retry-Operation, <No file>: line 42
at Sync-GitRepository, <No file>: line 75
at <ScriptBlock>, <No file>: line 130
[2024-11-26 17:17:11][ERROR][ANF] Operation failed: From github.com:ih8sirdavi/ANF
Exception: From github.com:ih8sirdavi/ANF
Stack Trace: at <ScriptBlock>, <No file>: line 76
at Retry-Operation, <No file>: line 42
at Sync-GitRepository, <No file>: line 75
at <ScriptBlock>, <No file>: line 130
[2024-11-26 17:17:41][ERROR][ANF] Operation failed: From github.com:ih8sirdavi/ANF
Exception: From github.com:ih8sirdavi/ANF
Stack Trace: at <ScriptBlock>, <No file>: line 76
at Retry-Operation, <No file>: line 42
at Sync-GitRepository, <No file>: line 75
at <ScriptBlock>, <No file>: line 130
[2024-11-26 17:18:11][ERROR][ANF] Operation failed: From github.com:ih8sirdavi/ANF
Exception: From github.com:ih8sirdavi/ANF
Stack Trace: at <ScriptBlock>, <No file>: line 76
at Retry-Operation, <No file>: line 42
at Sync-GitRepository, <No file>: line 75
at <ScriptBlock>, <No file>: line 130
[2024-11-26 17:18:41][ERROR][ANF] Operation failed: From github.com:ih8sirdavi/ANF
Exception: From github.com:ih8sirdavi/ANF
Stack Trace: at <ScriptBlock>, <No file>: line 76
at Retry-Operation, <No file>: line 42
at Sync-GitRepository, <No file>: line 75
at <ScriptBlock>, <No file>: line 130
[2024-11-26 17:19:11][ERROR][ANF] Operation failed: From github.com:ih8sirdavi/ANF
Exception: From github.com:ih8sirdavi/ANF
Stack Trace: at <ScriptBlock>, <No file>: line 76
at Retry-Operation, <No file>: line 42
at Sync-GitRepository, <No file>: line 75
at <ScriptBlock>, <No file>: line 130
[2024-11-26 17:19:41][ERROR][ANF] Operation failed: From github.com:ih8sirdavi/ANF
Exception: From github.com:ih8sirdavi/ANF
Stack Trace: at <ScriptBlock>, <No file>: line 76
at Retry-Operation, <No file>: line 42
at Sync-GitRepository, <No file>: line 75
at <ScriptBlock>, <No file>: line 130
[2024-11-26 17:20:11][ERROR][ANF] Operation failed: From github.com:ih8sirdavi/ANF
Exception: From github.com:ih8sirdavi/ANF
Stack Trace: at <ScriptBlock>, <No file>: line 76
at Retry-Operation, <No file>: line 42
at Sync-GitRepository, <No file>: line 75
at <ScriptBlock>, <No file>: line 130
[2024-11-26 17:20:41][ERROR][ANF] Operation failed: From github.com:ih8sirdavi/ANF
Exception: From github.com:ih8sirdavi/ANF
Stack Trace: at <ScriptBlock>, <No file>: line 76
at Retry-Operation, <No file>: line 42
at Sync-GitRepository, <No file>: line 75
at <ScriptBlock>, <No file>: line 130
[2024-11-26 17:21:11][ERROR][ANF] Operation failed: From github.com:ih8sirdavi/ANF
Exception: From github.com:ih8sirdavi/ANF
Stack Trace: at <ScriptBlock>, <No file>: line 76
at Retry-Operation, <No file>: line 42
at Sync-GitRepository, <No file>: line 75
at <ScriptBlock>, <No file>: line 130
[2024-11-26 17:21:41][ERROR][ANF] Operation failed: From github.com:ih8sirdavi/ANF
Exception: From github.com:ih8sirdavi/ANF
Stack Trace: at <ScriptBlock>, <No file>: line 76
at Retry-Operation, <No file>: line 42
at Sync-GitRepository, <No file>: line 75
at <ScriptBlock>, <No file>: line 130
[2024-11-26 17:22:11][ERROR][ANF] Operation failed: From github.com:ih8sirdavi/ANF
Exception: From github.com:ih8sirdavi/ANF
Stack Trace: at <ScriptBlock>, <No file>: line 76
at Retry-Operation, <No file>: line 42
at Sync-GitRepository, <No file>: line 75
at <ScriptBlock>, <No file>: line 130
[2024-11-26 17:22:41][ERROR][ANF] Operation failed: From github.com:ih8sirdavi/ANF
Exception: From github.com:ih8sirdavi/ANF
Stack Trace: at <ScriptBlock>, <No file>: line 76
at Retry-Operation, <No file>: line 42
at Sync-GitRepository, <No file>: line 75
at <ScriptBlock>, <No file>: line 130
[2024-11-26 17:23:11][ERROR][ANF] Operation failed: From github.com:ih8sirdavi/ANF
Exception: From github.com:ih8sirdavi/ANF
Stack Trace: at <ScriptBlock>, <No file>: line 76
at Retry-Operation, <No file>: line 42
at Sync-GitRepository, <No file>: line 75
at <ScriptBlock>, <No file>: line 130
[2024-11-26 17:42:09][ERROR][Git-Loop] Operation failed
[2024-11-26 18:00:20][ERROR][Masterlogs] Operation failed: From github.com:ih8sirdavi/Masterlogs
Exception: From github.com:ih8sirdavi/Masterlogs
Stack Trace: at <ScriptBlock>, <No file>: line 79
at Retry-Operation, <No file>: line 45
at Sync-GitRepository, <No file>: line 78
at <ScriptBlock>, <No file>: line 133
[2024-11-26 18:00:20][ERROR][ANF] Operation failed: From github.com:ih8sirdavi/ANF
Exception: From github.com:ih8sirdavi/ANF
Stack Trace: at <ScriptBlock>, <No file>: line 79
at Retry-Operation, <No file>: line 45
at Sync-GitRepository, <No file>: line 78
at <ScriptBlock>, <No file>: line 133
[2024-11-26 18:00:20][ERROR][Git Loop] Operation failed: From github.com:ih8sirdavi/Git-Loop
Exception: From github.com:ih8sirdavi/Git-Loop
Stack Trace: at <ScriptBlock>, <No file>: line 79
at Retry-Operation, <No file>: line 45
at Sync-GitRepository, <No file>: line 78
at <ScriptBlock>, <No file>: line 133
[2024-11-26 18:56:21][ERROR][Masterlogs] Operation failed: From github.com:ih8sirdavi/Masterlogs
Exception: From github.com:ih8sirdavi/Masterlogs
Stack Trace: at <ScriptBlock>, <No file>: line 79
at Retry-Operation, <No file>: line 45
at Sync-GitRepository, <No file>: line 78
at <ScriptBlock>, <No file>: line 133
[2024-11-26 18:56:21][ERROR][ANF] Operation failed: From github.com:ih8sirdavi/ANF
Exception: From github.com:ih8sirdavi/ANF
Stack Trace: at <ScriptBlock>, <No file>: line 79
at Retry-Operation, <No file>: line 45
at Sync-GitRepository, <No file>: line 78
at <ScriptBlock>, <No file>: line 133
[2024-11-26 18:56:51][ERROR][Masterlogs] Operation failed: From github.com:ih8sirdavi/Masterlogs
Exception: From github.com:ih8sirdavi/Masterlogs
Stack Trace: at <ScriptBlock>, <No file>: line 79
at Retry-Operation, <No file>: line 45
at Sync-GitRepository, <No file>: line 78
at <ScriptBlock>, <No file>: line 133
[2024-11-26 18:56:51][ERROR][ANF] Operation failed: From github.com:ih8sirdavi/ANF
Exception: From github.com:ih8sirdavi/ANF
Stack Trace: at <ScriptBlock>, <No file>: line 79
at Retry-Operation, <No file>: line 45
at Sync-GitRepository, <No file>: line 78
at <ScriptBlock>, <No file>: line 133
[2024-11-26 18:56:51][ERROR][Git Loop] Operation failed: From github.com:ih8sirdavi/Git-Loop
Exception: From github.com:ih8sirdavi/Git-Loop
Stack Trace: at <ScriptBlock>, <No file>: line 79
at Retry-Operation, <No file>: line 45
at Sync-GitRepository, <No file>: line 78
at <ScriptBlock>, <No file>: line 133
[2024-11-26 18:57:21][ERROR][Masterlogs] Operation failed: From github.com:ih8sirdavi/Masterlogs
Exception: From github.com:ih8sirdavi/Masterlogs
Stack Trace: at <ScriptBlock>, <No file>: line 79
at Retry-Operation, <No file>: line 45
at Sync-GitRepository, <No file>: line 78
at <ScriptBlock>, <No file>: line 133
[2024-11-26 18:57:21][ERROR][ANF] Operation failed: From github.com:ih8sirdavi/ANF
Exception: From github.com:ih8sirdavi/ANF
Stack Trace: at <ScriptBlock>, <No file>: line 79
at Retry-Operation, <No file>: line 45
at Sync-GitRepository, <No file>: line 78
at <ScriptBlock>, <No file>: line 133
