[2024-11-27 20:36:44][INFO][Git Loop]  Repository Git Loop added to sync list
[2024-11-27 20:36:44][INFO] Started monitoring selected repositories
[2024-11-27 20:36:45][INFO] Started async operation: Git Loop
[2024-11-27 20:36:48][INFO][Masterlogs]  Repository Masterlogs added to sync list
[2024-11-27 20:36:49][INFO][ANF]  Repository ANF added to sync list
[2024-11-27 20:36:50][INFO][Masterlogs]  Repository Masterlogs removed from sync list
[2024-11-27 20:37:15][INFO] Started async operation: Git Loop
[2024-11-27 20:37:15][INFO] Started async operation: ANF
[2024-11-27 20:37:45][INFO] Started async operation: Git Loop
[2024-11-27 20:37:45][INFO] Started async operation: ANF
[2024-11-27 20:38:56][INFO][Git Loop]  Repository Git Loop added to sync list
[2024-11-27 20:38:57][INFO] Started monitoring selected repositories
[2024-11-27 20:38:57][INFO] Started async operation: Git Loop
[2024-11-27 20:39:04][INFO][Masterlogs]  Repository Masterlogs added to sync list
[2024-11-27 20:39:05][INFO][ANF]  Repository ANF added to sync list
[2024-11-27 20:40:07][INFO][Git Loop]  Repository Git Loop added to sync list
[2024-11-27 20:41:04][INFO][Git Loop]  Repository Git Loop added to sync list
[2024-11-27 20:41:05][INFO] Started monitoring selected repositories
[2024-11-27 20:41:05][INFO] Started async operation: Git Loop
[2024-11-27 20:41:13][INFO][Masterlogs]  Repository Masterlogs added to sync list
[2024-11-27 20:41:14][INFO][ANF]  Repository ANF added to sync list
[2024-11-27 20:41:14][INFO][Masterlogs]  Repository Masterlogs removed from sync list
[2024-11-27 20:41:18][INFO][ANF]  Repository ANF removed from sync list
[2024-11-27 20:41:19][INFO][Masterlogs]  Repository Masterlogs added to sync list
[2024-11-27 20:42:05][INFO][Git Loop]  Repository Git Loop added to sync list
[2024-11-27 20:42:06][INFO] Started monitoring selected repositories
[2024-11-27 20:42:07][INFO] Started async operation: Git Loop
[2024-11-27 20:42:09][INFO][Masterlogs]  Repository Masterlogs added to sync list
[2024-11-27 20:42:10][INFO][ANF]  Repository ANF added to sync list
[2024-11-27 20:42:11][INFO][ANF]  Repository ANF removed from sync list
[2024-11-27 20:42:36][INFO] Started async operation: Git Loop
[2024-11-27 20:42:36][INFO] Started async operation: Masterlogs
[2024-11-27 20:42:39][INFO] Stopped monitoring repositories
[2024-11-27 20:42:40][INFO][Git Loop]  Repository Git Loop removed from sync list
[2024-11-27 20:42:41][INFO][Masterlogs]  Repository Masterlogs removed from sync list
[2024-11-27 20:50:11][INFO][Git Loop]  Repository Git Loop added to sync list
[2024-11-27 20:50:12][INFO] Started monitoring selected repositories
[2024-11-27 20:50:13][INFO] Started async operation: Git Loop
[2024-11-27 20:50:20][INFO][Masterlogs]  Repository Masterlogs added to sync list
[2024-11-27 20:50:21][INFO][ANF]  Repository ANF added to sync list
[2024-11-27 20:50:26][INFO][ANF]  Repository ANF removed from sync list
[2024-11-27 20:50:42][INFO] Started async operation: Git Loop
[2024-11-27 20:50:43][INFO] Started async operation: Masterlogs
[2024-11-27 20:50:47][INFO][Masterlogs]  Repository Masterlogs removed from sync list
[2024-11-27 20:50:48][INFO][Git Loop]  Repository Git Loop removed from sync list
[2024-11-27 20:50:49][INFO] Stopped monitoring repositories
[2024-11-27 20:53:30][INFO][Git Loop]  Repository Git Loop added to sync list
[2024-11-27 20:53:32][INFO] Started monitoring selected repositories
[2024-11-27 20:53:32][INFO] Started async operation: Git Loop
